<?xml version="1.0" encoding="UTF-8"?>
<!-- Generated by org.testng.reporters.JUnitReportReporter -->
<testsuite hostname="DESKTOP-GLAFMTS" failures="0" tests="2" name="com.PracticeProject.SampleTest" time="0.019" errors="0" timestamp="2024-01-29T17:55:55 IST" skipped="0">
  <testcase classname="com.PracticeProject.SampleTest" name="sample1Test" time="0.017"/>
  <testcase classname="com.PracticeProject.SampleTest" name="sample3Test" time="0.002"/>
  <system-out>
    <![CDATA[-- launched browser --
-- browser closed --
-- launched browser --
-- browser closed --]]>
  </system-out>
</testsuite> <!-- com.PracticeProject.SampleTest -->
