<?xml version="1.0" encoding="UTF-8"?>
<!-- Generated by org.testng.reporters.JUnitReportReporter -->
<testsuite hostname="DESKTOP-GLAFMTS" failures="0" tests="1" name="com.PracticeProject.DisplayTest" time="0.008" errors="0" timestamp="2024-01-29T14:59:46 IST" skipped="0">
  <testcase classname="com.PracticeProject.DisplayTest" name="display1Test" time="0.008"/>
  <system-out/>
</testsuite> <!-- com.PracticeProject.DisplayTest -->
