<?xml version="1.0" encoding="UTF-8"?>
<!-- Generated by org.testng.reporters.JUnitReportReporter -->
<testsuite hostname="DESKTOP-GLAFMTS" failures="0" tests="2" name="com.PracticeProject.SampleTest" time="0.028" errors="0" timestamp="2024-01-29T14:59:46 IST" skipped="0">
  <testcase classname="com.PracticeProject.SampleTest" name="sample3Test" time="0.012"/>
  <system-out/>
  <testcase classname="com.PracticeProject.SampleTest" name="sample1Test" time="0.016"/>
  <system-out/>
</testsuite> <!-- com.PracticeProject.SampleTest -->
