<?xml version="1.0" encoding="UTF-8"?>
<!-- Generated by org.testng.reporters.JUnitReportReporter -->
<testsuite hostname="DESKTOP-GLAFMTS" failures="0" tests="1" name="com.PracticeProject.DisplayTest" time="0.003" errors="0" timestamp="2024-01-30T16:47:52 IST" skipped="0">
  <testcase classname="com.PracticeProject.DisplayTest" name="display1Test" time="0.003"/>
  <system-out>
    <![CDATA[-- launched browser --
-- browser closed --
-- launched browser --
-- browser closed --]]>
  </system-out>
</testsuite> <!-- com.PracticeProject.DisplayTest -->
